2023-03-17 21:38:47,041:INFO:__main__: Created new instance of the simulation environment.
2023-03-17 21:38:47,042:INFO:__main__: Created new instance of the traffic manager.
2023-03-17 21:38:47,064:INFO:__main__: Created new instance of the agent vehicle.
2023-03-17 22:07:50,247:INFO:__main__: Created new instance of the simulation environment.
2023-03-17 22:07:50,248:INFO:__main__: Created new instance of the traffic manager.
2023-03-17 22:07:50,270:INFO:__main__: Created new instance of the agent vehicle.
2023-03-17 22:09:54,719:INFO:__main__: Created new instance of the simulation environment.
2023-03-17 22:09:54,719:INFO:__main__: Created new instance of the traffic manager.
2023-03-17 22:09:54,739:INFO:__main__: Created new instance of the agent vehicle.
2023-03-17 22:12:08,438:DEBUG:__main__: Successfully terminated the path planner subprocess.
2023-03-17 22:12:08,438:INFO:__main__: Simulation terminated successfully: 8 scenarios simulated with 0 collisions.
2023-03-18 20:49:13,032:INFO:__main__: Created new instance of the simulation environment.
2023-03-18 20:49:13,033:INFO:__main__: Created new instance of the traffic manager.
2023-03-18 20:49:13,055:INFO:__main__: Created new instance of the agent vehicle.
2023-03-18 21:54:48,995:DEBUG:__main__: Successfully terminated the path planner subprocess.
2023-03-18 21:54:48,996:INFO:__main__: Simulation terminated successfully: 245 scenarios simulated with 6 collisions.
2023-03-19 09:41:44,445:INFO:__main__: Created new instance of the simulation environment.
2023-03-19 09:41:44,446:INFO:__main__: Created new instance of the traffic manager.
2023-03-19 09:41:44,469:INFO:__main__: Created new instance of the agent vehicle.
2023-03-19 10:47:58,145:DEBUG:__main__: Successfully terminated the path planner subprocess.
2023-03-19 10:47:58,146:INFO:__main__: Simulation terminated successfully: 245 scenarios simulated with 12 collisions.
2023-03-19 21:47:35,426:INFO:__main__: Created new instance of the simulation environment.
2023-03-19 21:47:35,428:INFO:__main__: Created new instance of the traffic manager.
2023-03-19 21:47:35,534:INFO:__main__: Created new instance of the agent vehicle.
2023-03-19 21:48:40,183:INFO:__main__: Created new instance of the simulation environment.
2023-03-19 21:48:40,183:INFO:__main__: Created new instance of the traffic manager.
2023-03-19 21:48:40,298:INFO:__main__: Created new instance of the agent vehicle.
2023-03-19 21:50:30,342:INFO:__main__: Created new instance of the simulation environment.
2023-03-19 21:50:30,344:INFO:__main__: Created new instance of the traffic manager.
2023-03-19 21:50:30,475:INFO:__main__: Created new instance of the agent vehicle.
2023-03-19 21:52:09,799:INFO:__main__: Created new instance of the simulation environment.
2023-03-19 21:52:09,800:INFO:__main__: Created new instance of the traffic manager.
2023-03-19 21:52:09,892:INFO:__main__: Created new instance of the agent vehicle.
2023-03-19 21:52:58,855:INFO:__main__: Created new instance of the simulation environment.
2023-03-19 21:52:58,857:INFO:__main__: Created new instance of the traffic manager.
2023-03-19 21:52:58,969:INFO:__main__: Created new instance of the agent vehicle.
2023-03-19 21:53:13,815:INFO:__main__: Created new instance of the simulation environment.
2023-03-19 21:53:13,815:INFO:__main__: Created new instance of the traffic manager.
2023-03-19 21:53:13,908:INFO:__main__: Created new instance of the agent vehicle.
2023-03-19 22:17:02,472:INFO:__main__: Created new instance of the simulation environment.
2023-03-19 22:17:02,473:INFO:__main__: Created new instance of the traffic manager.
2023-03-19 22:48:21,503:INFO:__main__: Created new instance of the simulation environment.
2023-03-19 22:48:21,503:INFO:__main__: Created new instance of the traffic manager.
2023-03-19 22:48:21,525:INFO:__main__: Created new instance of the agent vehicle.
2023-03-19 23:14:51,503:DEBUG:__main__: Successfully terminated the spawn vehicles thread.
2023-03-19 23:14:51,504:DEBUG:__main__: Successfully terminated the path planner subprocess.
2023-03-19 23:14:51,504:DEBUG:__main__: Successfully terminated the behaviour tree.
2023-03-19 23:14:51,504:INFO:__main__: Simulation terminated successfully: 101 scenarios simulated with 2 collisions.
2023-03-20 13:39:02,928:INFO:__main__: Created new instance of the simulation environment.
2023-03-20 13:39:02,929:INFO:__main__: Created new instance of the traffic manager.
2023-03-20 13:40:29,961:INFO:__main__: Created new instance of the simulation environment.
2023-03-20 13:40:29,962:INFO:__main__: Created new instance of the traffic manager.
2023-03-20 13:40:30,070:INFO:__main__: Created new instance of the agent vehicle.
2023-03-20 13:51:47,323:DEBUG:__main__: Successfully terminated the spawn vehicles thread.
2023-03-20 13:51:47,324:DEBUG:__main__: Successfully terminated the path planner subprocess.
2023-03-20 13:51:47,324:DEBUG:__main__: Successfully terminated the behaviour tree.
2023-03-20 13:51:47,324:INFO:__main__: Simulation terminated successfully: 42 scenarios simulated with 2 collisions.
2023-03-21 15:25:20,526:INFO:__main__: Created new instance of the simulation environment.
2023-03-21 15:25:20,527:INFO:__main__: Created new instance of the traffic manager.
2023-03-21 15:25:20,633:INFO:__main__: Created new instance of the agent vehicle.
2023-03-21 15:25:20,636:INFO:__main__: Simulation started.
2023-03-21 15:25:42,629:DEBUG:__main__: Successfully terminated the spawn vehicles thread.
2023-03-21 15:25:42,630:DEBUG:__main__: Successfully terminated the path planner subprocess.
2023-03-21 15:25:42,630:DEBUG:__main__: Successfully terminated the behaviour tree.
2023-03-21 15:25:42,631:INFO:__main__: Simulation terminated successfully: 1 scenarios simulated with 0 collisions.
2023-03-21 15:34:46,136:INFO:__main__: Created new instance of the simulation environment.
2023-03-21 15:34:46,137:INFO:__main__: Created new instance of the traffic manager.
2023-03-21 15:36:59,033:INFO:__main__: Created new instance of the simulation environment.
2023-03-21 15:36:59,033:INFO:__main__: Created new instance of the traffic manager.
2023-03-21 17:21:14,898:INFO:__main__: Created new instance of the simulation environment.
2023-03-21 17:21:14,899:INFO:__main__: Created new instance of the traffic manager.
2023-03-21 17:21:14,945:INFO:__main__: Created new instance of the agent vehicle.
2023-03-21 17:21:14,946:INFO:__main__: Simulation started.
2023-03-21 17:29:31,791:INFO:__main__: Created new instance of the simulation environment.
2023-03-21 17:29:31,792:INFO:__main__: Created new instance of the traffic manager.
2023-03-21 17:29:31,814:INFO:__main__: Created new instance of the agent vehicle.
2023-03-21 17:30:51,188:INFO:__main__: Created new instance of the simulation environment.
2023-03-21 17:30:51,189:INFO:__main__: Created new instance of the traffic manager.
2023-03-21 17:30:51,236:INFO:__main__: Created new instance of the agent vehicle.
2023-03-21 17:30:51,238:INFO:__main__: Simulation started.
2023-03-21 17:31:03,574:DEBUG:__main__: Successfully terminated the spawn vehicles thread.
2023-03-21 17:31:03,575:DEBUG:__main__: Successfully terminated the path planner subprocess.
2023-03-21 17:34:38,554:INFO:__main__: Created new instance of the simulation environment.
2023-03-21 17:34:38,555:INFO:__main__: Created new instance of the traffic manager.
2023-03-21 17:34:38,590:INFO:__main__: Created new instance of the agent vehicle.
2023-03-21 17:34:38,592:INFO:__main__: Simulation started.
2023-03-21 18:56:14,339:INFO:__main__: Created new instance of the simulation environment.
2023-03-21 18:56:14,340:INFO:__main__: Simulation started.
2023-03-21 18:56:47,644:INFO:__main__: Created new instance of the simulation environment.
2023-03-21 18:56:56,134:INFO:__main__: Created new instance of the simulation environment.
2023-03-21 18:57:06,988:INFO:__main__: Created new instance of the simulation environment.
2023-03-21 18:57:27,721:INFO:__main__: Created new instance of the simulation environment.
2023-03-21 18:57:54,445:INFO:__main__: Created new instance of the simulation environment.
2023-03-21 18:58:18,985:INFO:__main__: Created new instance of the simulation environment.
2023-03-21 19:02:39,570:INFO:__main__: Created new instance of the simulation environment.
2023-03-21 19:02:39,571:INFO:__main__: Simulation started.
2023-03-21 19:02:54,870:INFO:__main__: Created new instance of the simulation environment.
2023-03-21 19:02:54,871:INFO:__main__: Simulation started.
2023-03-21 19:03:30,430:INFO:__main__: Created new instance of the simulation environment.
2023-03-21 19:03:30,430:INFO:__main__: Simulation started.
2023-03-21 19:05:00,477:INFO:__main__: Created new instance of the simulation environment.
2023-03-21 19:05:00,478:INFO:__main__: Simulation started.
2023-03-21 19:08:32,351:INFO:__main__: Created new instance of the simulation environment.
2023-03-21 19:08:32,352:INFO:__main__: Simulation started.
2023-03-21 19:09:17,163:INFO:__main__: Created new instance of the simulation environment.
2023-03-21 19:09:17,165:INFO:__main__: Simulation started.
2023-03-21 19:09:47,665:INFO:__main__: Created new instance of the simulation environment.
2023-03-21 19:09:47,665:INFO:__main__: Simulation started.
2023-03-21 19:16:47,545:INFO:__main__: Created new instance of the simulation environment.
2023-03-21 19:16:47,546:INFO:__main__: Simulation started.
2023-03-21 19:17:13,394:INFO:__main__: Created new instance of the simulation environment.
2023-03-21 19:17:13,396:INFO:__main__: Simulation started.
2023-03-21 19:17:50,685:INFO:__main__: Created new instance of the simulation environment.
2023-03-21 19:17:50,690:INFO:__main__: Simulation started.
2023-03-21 19:24:52,939:INFO:__main__: Created new instance of the simulation environment.
2023-03-21 19:24:52,940:INFO:__main__: Simulation started.
2023-03-21 19:40:00,246:INFO:__main__: Created new instance of the simulation environment.
2023-03-21 19:40:00,247:INFO:__main__: Simulation started.
2023-03-21 19:43:27,072:INFO:__main__: Created new instance of the simulation environment.
2023-03-21 19:43:27,073:INFO:__main__: Simulation started.
2023-03-21 19:44:19,181:INFO:__main__: Created new instance of the simulation environment.
2023-03-21 19:44:19,182:INFO:__main__: Simulation started.
2023-03-21 20:01:45,221:INFO:__main__: Created new instance of the simulation environment.
2023-03-21 20:01:45,222:INFO:__main__: Simulation started.
2023-03-21 20:14:21,107:INFO:__main__: Created new instance of the simulation environment.
2023-03-21 20:14:21,107:INFO:__main__: Created new instance of the traffic manager.
2023-03-21 20:14:21,154:INFO:__main__: Created new instance of the agent vehicle.
2023-03-21 20:14:21,155:INFO:__main__: Simulation started.
2023-03-21 20:20:32,389:INFO:__main__: Created new instance of the simulation environment.
2023-03-21 20:20:32,389:INFO:__main__: Created new instance of the traffic manager.
2023-03-21 20:20:32,433:INFO:__main__: Created new instance of the agent vehicle.
2023-03-21 20:20:32,434:INFO:__main__: Simulation started.
2023-03-21 20:27:19,358:INFO:__main__: Created new instance of the simulation environment.
2023-03-21 20:27:19,358:INFO:__main__: Created new instance of the traffic manager.
2023-03-21 20:27:19,401:INFO:__main__: Created new instance of the agent vehicle.
2023-03-21 20:27:19,403:INFO:__main__: Simulation started.
2023-03-21 20:42:48,625:DEBUG:__main__: Successfully terminated the spawn vehicles thread.
2023-03-21 20:42:48,626:DEBUG:__main__: Successfully terminated the path planner subprocess.
2023-03-21 20:42:48,626:DEBUG:__main__: Successfully terminated the behaviour tree.
2023-03-21 20:42:48,626:INFO:__main__: Simulation terminated successfully: 57 scenarios simulated with 1 collisions.
2023-03-21 21:51:19,638:INFO:__main__: Created new instance of the simulation environment.
2023-03-21 21:51:19,639:INFO:__main__: Created new instance of the traffic manager.
2023-03-21 21:51:19,674:INFO:__main__: Created new instance of the agent vehicle.
2023-03-21 21:51:19,675:INFO:__main__: Simulation started.
2023-03-21 22:55:39,571:DEBUG:__main__: Successfully terminated the spawn vehicles thread.
2023-03-21 22:55:39,572:DEBUG:__main__: Successfully terminated the path planner subprocess.
2023-03-21 22:55:39,572:DEBUG:__main__: Successfully terminated the behaviour tree.
2023-03-21 22:55:39,573:INFO:__main__: Simulation terminated successfully: 246 scenarios simulated with 8 collisions.
2023-03-23 21:48:40,634:INFO:__main__: Created new instance of the simulation environment.
2023-03-23 21:48:40,635:INFO:__main__: Created new instance of the traffic manager.
2023-03-23 21:48:40,678:INFO:__main__: Created new instance of the agent vehicle.
2023-03-23 21:48:40,679:INFO:__main__: Simulation started.
2023-03-23 21:49:22,268:DEBUG:__main__: Successfully terminated the spawn vehicles thread.
2023-03-23 21:49:22,268:DEBUG:__main__: Successfully terminated the path planner subprocess.
2023-03-23 21:49:22,269:DEBUG:__main__: Successfully terminated the behaviour tree.
2023-03-23 21:49:22,269:INFO:__main__: Simulation terminated successfully: 2 scenarios simulated with 0 collisions.
2023-03-23 22:31:34,379:INFO:__main__: Created new instance of the simulation environment.
2023-03-23 22:31:34,380:INFO:__main__: Created new instance of the traffic manager.
2023-03-23 22:41:49,577:INFO:__main__: Created new instance of the simulation environment.
2023-03-23 22:41:49,578:INFO:__main__: Created new instance of the traffic manager.
2023-03-23 22:41:49,614:INFO:__main__: Created new instance of the agent vehicle.
2023-03-23 22:41:49,615:INFO:__main__: Simulation started.
2023-03-23 22:42:01,709:DEBUG:__main__: Successfully terminated the spawn vehicles thread.
2023-03-23 22:42:01,710:DEBUG:__main__: Successfully terminated the path planner subprocess.
2023-03-23 22:42:01,711:DEBUG:__main__: Successfully terminated the behaviour tree.
2023-03-23 22:42:01,711:INFO:__main__: Simulation terminated successfully: 0 scenarios simulated with 0 collisions.
2023-03-23 22:45:12,508:INFO:__main__: Created new instance of the simulation environment.
2023-03-23 22:45:12,509:INFO:__main__: Created new instance of the traffic manager.
2023-03-23 22:45:12,546:INFO:__main__: Created new instance of the agent vehicle.
2023-03-23 22:45:12,547:INFO:__main__: Simulation started.
2023-03-23 22:46:50,399:INFO:__main__: Created new instance of the simulation environment.
2023-03-23 22:46:50,401:INFO:__main__: Created new instance of the traffic manager.
2023-03-23 22:46:50,438:INFO:__main__: Created new instance of the agent vehicle.
2023-03-23 22:46:50,439:INFO:__main__: Simulation started.
2023-03-23 22:48:11,602:INFO:__main__: Created new instance of the simulation environment.
2023-03-23 22:48:11,603:INFO:__main__: Created new instance of the traffic manager.
2023-03-23 22:48:11,643:INFO:__main__: Created new instance of the agent vehicle.
2023-03-23 22:48:11,645:INFO:__main__: Simulation started.
2023-03-23 22:49:22,658:INFO:__main__: Created new instance of the simulation environment.
2023-03-23 22:49:22,658:INFO:__main__: Created new instance of the traffic manager.
2023-03-23 22:49:22,697:INFO:__main__: Created new instance of the agent vehicle.
2023-03-23 22:49:22,699:INFO:__main__: Simulation started.
2023-03-23 22:49:38,915:INFO:__main__: Created new instance of the simulation environment.
2023-03-23 22:49:38,916:INFO:__main__: Created new instance of the traffic manager.
2023-03-23 22:49:38,951:INFO:__main__: Created new instance of the agent vehicle.
2023-03-23 22:49:38,952:INFO:__main__: Simulation started.
2023-03-23 22:56:09,122:INFO:__main__: Created new instance of the simulation environment.
2023-03-23 22:56:09,123:INFO:__main__: Created new instance of the traffic manager.
2023-03-23 22:56:09,163:INFO:__main__: Created new instance of the agent vehicle.
2023-03-23 22:56:53,835:INFO:__main__: Created new instance of the simulation environment.
2023-03-23 22:56:53,836:INFO:__main__: Created new instance of the traffic manager.
2023-03-23 22:56:53,859:INFO:__main__: Created new instance of the agent vehicle.
2023-03-23 22:56:53,880:INFO:__main__: Simulation started.
2023-03-23 22:59:04,974:INFO:__main__: Created new instance of the simulation environment.
2023-03-23 22:59:04,974:INFO:__main__: Created new instance of the traffic manager.
2023-03-23 22:59:04,995:INFO:__main__: Created new instance of the agent vehicle.
2023-03-23 22:59:05,012:INFO:__main__: Simulation started.
2023-03-23 23:01:48,776:INFO:__main__: Created new instance of the simulation environment.
2023-03-23 23:01:48,777:INFO:__main__: Created new instance of the traffic manager.
2023-03-23 23:01:48,801:INFO:__main__: Created new instance of the agent vehicle.
2023-03-23 23:01:48,817:INFO:__main__: Simulation started.
2023-03-23 23:05:36,576:DEBUG:__main__: Successfully terminated the spawn vehicles thread.
2023-03-23 23:05:36,577:DEBUG:__main__: Successfully terminated the path planner subprocess.
2023-03-23 23:05:36,577:DEBUG:__main__: Successfully terminated the behaviour tree.
2023-03-23 23:05:36,578:INFO:__main__: Simulation terminated successfully: 15 scenarios simulated with 1 collisions.
2023-03-23 23:27:24,398:INFO:__main__: Created new instance of the simulation environment.
2023-03-23 23:27:24,399:INFO:__main__: Created new instance of the traffic manager.
2023-03-23 23:27:24,420:INFO:__main__: Created new instance of the agent vehicle.
2023-03-23 23:27:24,436:INFO:__main__: Simulation started.
2023-03-23 23:32:14,005:DEBUG:__main__: Successfully terminated the spawn vehicles thread.
2023-03-23 23:32:14,006:DEBUG:__main__: Successfully terminated the path planner subprocess.
2023-03-23 23:32:14,006:DEBUG:__main__: Successfully terminated the behaviour tree.
2023-03-23 23:32:14,006:INFO:__main__: Simulation terminated successfully: 18 scenarios simulated with 0 collisions.
2023-03-24 10:08:48,061:INFO:__main__: Created new instance of the simulation environment.
2023-03-24 10:08:48,062:INFO:__main__: Created new instance of the traffic manager.
2023-03-24 10:08:48,087:INFO:__main__: Created new instance of the agent vehicle.
2023-03-24 10:08:48,104:INFO:__main__: Simulation started.
2023-03-24 10:10:54,665:DEBUG:__main__: Successfully terminated the spawn vehicles thread.
2023-03-24 10:10:54,666:DEBUG:__main__: Successfully terminated the path planner subprocess.
2023-03-24 10:10:54,667:DEBUG:__main__: Successfully terminated the behaviour tree.
2023-03-24 10:10:54,667:INFO:__main__: Simulation terminated successfully: 7 scenarios simulated with 0 collisions.
2023-03-24 10:11:59,367:INFO:__main__: Created new instance of the simulation environment.
2023-03-24 10:11:59,368:INFO:__main__: Created new instance of the traffic manager.
2023-03-24 10:11:59,390:INFO:__main__: Created new instance of the agent vehicle.
2023-03-24 10:11:59,408:INFO:__main__: Simulation started.
2023-03-24 13:50:55,631:DEBUG:__main__: Successfully terminated the spawn vehicles thread.
2023-03-24 13:50:55,632:DEBUG:__main__: Successfully terminated the path planner subprocess.
2023-03-24 13:50:55,633:DEBUG:__main__: Successfully terminated the behaviour tree.
2023-03-24 13:50:55,633:INFO:__main__: Simulation terminated successfully: 831 scenarios simulated with 9 collisions.
2023-03-24 16:16:23,112:INFO:__main__: Created new instance of the simulation environment.
2023-03-24 16:16:23,113:INFO:__main__: Created new instance of the traffic manager.
2023-03-24 16:16:23,119:INFO:__main__: Created new instance of the agent vehicle.
2023-03-24 16:16:23,169:INFO:__main__: Simulation started.
2023-03-24 16:17:02,424:DEBUG:__main__: Successfully terminated the spawn vehicles thread.
2023-03-24 16:17:02,425:DEBUG:__main__: Successfully terminated the path planner subprocess.
2023-03-24 16:17:02,426:DEBUG:__main__: Successfully terminated the behaviour tree subprocess.
2023-03-24 16:17:02,426:INFO:__main__: Simulation terminated successfully: 2 scenarios simulated with 0 collisions.
2023-03-24 16:25:24,414:INFO:__main__: Created new instance of the simulation environment.
2023-03-24 16:25:24,416:INFO:__main__: Created new instance of the traffic manager.
2023-03-24 16:25:24,421:INFO:__main__: Created new instance of the agent vehicle.
2023-03-24 16:25:24,467:INFO:__main__: Simulation started.
2023-03-24 16:25:24,471:DEBUG:__main__: Successfully terminated the spawn vehicles thread.
2023-03-24 16:25:24,471:DEBUG:__main__: Successfully terminated the path planner subprocess.
2023-03-24 16:25:24,472:DEBUG:__main__: Successfully terminated the behaviour tree subprocess.
2023-03-24 16:25:24,472:INFO:__main__: Simulation terminated successfully: 0 scenarios simulated with 0 collisions.
2023-03-24 16:25:35,781:INFO:__main__: Created new instance of the simulation environment.
2023-03-24 16:25:35,782:INFO:__main__: Created new instance of the traffic manager.
2023-03-24 16:25:35,789:INFO:__main__: Created new instance of the agent vehicle.
2023-03-24 16:25:35,827:INFO:__main__: Simulation started.
2023-03-24 16:25:35,830:DEBUG:__main__: Successfully terminated the spawn vehicles thread.
2023-03-24 16:25:35,831:DEBUG:__main__: Successfully terminated the path planner subprocess.
2023-03-24 16:25:35,831:DEBUG:__main__: Successfully terminated the behaviour tree subprocess.
2023-03-24 16:25:35,831:INFO:__main__: Simulation terminated successfully: 0 scenarios simulated with 0 collisions.
2023-03-24 16:25:56,303:INFO:__main__: Created new instance of the simulation environment.
2023-03-24 16:25:56,303:INFO:__main__: Created new instance of the traffic manager.
2023-03-24 16:25:56,307:INFO:__main__: Created new instance of the agent vehicle.
2023-03-24 16:25:56,340:INFO:__main__: Simulation started.
2023-03-24 16:27:12,518:INFO:__main__: Created new instance of the simulation environment.
2023-03-24 16:27:12,519:INFO:__main__: Created new instance of the traffic manager.
2023-03-24 16:27:12,525:INFO:__main__: Created new instance of the agent vehicle.
2023-03-24 16:27:12,563:INFO:__main__: Simulation started.
2023-03-24 16:28:46,058:DEBUG:__main__: Successfully terminated the spawn vehicles thread.
2023-03-24 16:28:46,059:DEBUG:__main__: Successfully terminated the path planner subprocess.
2023-03-24 16:28:46,059:DEBUG:__main__: Successfully terminated the behaviour tree subprocess.
2023-03-24 16:28:46,059:INFO:__main__: Simulation terminated successfully: 6 scenarios simulated with 1 collisions.
2023-03-24 16:32:13,989:INFO:__main__: Created new instance of the simulation environment.
2023-03-24 16:32:13,990:INFO:__main__: Created new instance of the traffic manager.
2023-03-24 16:32:13,994:INFO:__main__: Created new instance of the agent vehicle.
2023-03-24 16:32:14,033:INFO:__main__: Simulation started.
2023-03-24 16:32:52,901:DEBUG:__main__: Successfully terminated the spawn vehicles thread.
2023-03-24 16:32:52,902:DEBUG:__main__: Successfully terminated the path planner subprocess.
2023-03-24 16:32:52,903:DEBUG:__main__: Successfully terminated the behaviour tree subprocess.
2023-03-24 16:32:52,903:INFO:__main__: Simulation terminated successfully: 2 scenarios simulated with 0 collisions.
2023-03-24 16:33:56,169:INFO:__main__: Created new instance of the simulation environment.
2023-03-24 16:33:56,170:INFO:__main__: Created new instance of the traffic manager.
2023-03-24 16:33:56,174:INFO:__main__: Created new instance of the agent vehicle.
2023-03-24 16:33:56,208:INFO:__main__: Simulation started.
2023-03-24 16:34:05,416:DEBUG:__main__: Successfully terminated the spawn vehicles thread.
2023-03-24 16:34:05,417:DEBUG:__main__: Successfully terminated the path planner subprocess.
2023-03-24 16:34:05,417:DEBUG:__main__: Successfully terminated the behaviour tree subprocess.
2023-03-24 16:34:05,418:INFO:__main__: Simulation terminated successfully: 0 scenarios simulated with 0 collisions.
2023-03-24 16:35:24,320:INFO:__main__: Created new instance of the simulation environment.
2023-03-24 16:35:24,321:INFO:__main__: Created new instance of the traffic manager.
2023-03-24 16:35:24,326:INFO:__main__: Created new instance of the agent vehicle.
2023-03-24 16:35:24,369:INFO:__main__: Simulation started.
2023-03-24 16:36:51,335:DEBUG:__main__: Successfully terminated the spawn vehicles thread.
2023-03-24 16:36:51,336:DEBUG:__main__: Successfully terminated the path planner subprocess.
2023-03-24 16:36:51,336:DEBUG:__main__: Successfully terminated the behaviour tree subprocess.
2023-03-24 16:36:51,337:INFO:__main__: Simulation terminated successfully: 5 scenarios simulated with 0 collisions.
2023-03-24 16:42:35,816:INFO:__main__: Created new instance of the simulation environment.
2023-03-24 16:42:35,817:INFO:__main__: Created new instance of the traffic manager.
2023-03-24 16:42:35,822:INFO:__main__: Created new instance of the agent vehicle.
2023-03-24 16:42:35,862:INFO:__main__: Simulation started.
2023-03-24 16:44:19,758:DEBUG:__main__: Successfully terminated the spawn vehicles thread.
2023-03-24 16:44:19,759:DEBUG:__main__: Successfully terminated the path planner subprocess.
2023-03-24 16:44:19,760:DEBUG:__main__: Successfully terminated the behaviour tree subprocess.
2023-03-24 16:44:19,760:INFO:__main__: Simulation terminated successfully: 6 scenarios simulated with 0 collisions.
2023-03-24 16:44:35,502:INFO:__main__: Created new instance of the simulation environment.
2023-03-24 16:44:35,503:INFO:__main__: Created new instance of the traffic manager.
2023-03-24 16:44:35,508:INFO:__main__: Created new instance of the agent vehicle.
2023-03-24 16:44:35,544:INFO:__main__: Simulation started.
2023-03-24 16:45:18,461:DEBUG:__main__: Successfully terminated the spawn vehicles thread.
2023-03-24 16:45:18,462:DEBUG:__main__: Successfully terminated the path planner subprocess.
2023-03-24 16:45:18,462:DEBUG:__main__: Successfully terminated the behaviour tree subprocess.
2023-03-24 16:45:18,463:INFO:__main__: Simulation terminated successfully: 2 scenarios simulated with 0 collisions.
2023-03-24 16:59:27,996:INFO:__main__: Created new instance of the simulation environment.
2023-03-24 16:59:27,997:INFO:__main__: Created new instance of the traffic manager.
2023-03-24 16:59:28,001:INFO:__main__: Created new instance of the agent vehicle.
2023-03-24 16:59:28,035:INFO:__main__: Simulation started.
2023-03-24 17:00:11,455:DEBUG:__main__: Successfully terminated the spawn vehicles thread.
2023-03-24 17:00:11,456:DEBUG:__main__: Successfully terminated the path planner subprocess.
2023-03-24 17:00:11,456:DEBUG:__main__: Successfully terminated the behaviour tree subprocess.
2023-03-24 17:00:11,456:INFO:__main__: Simulation terminated successfully: 2 scenarios simulated with 0 collisions.
2023-03-24 17:06:25,539:INFO:__main__: Created new instance of the simulation environment.
2023-03-24 17:06:25,540:INFO:__main__: Created new instance of the traffic manager.
2023-03-24 17:06:25,544:INFO:__main__: Created new instance of the agent vehicle.
2023-03-24 17:06:25,580:INFO:__main__: Simulation started.
2023-03-24 17:07:05,841:DEBUG:__main__: Successfully terminated the spawn vehicles thread.
2023-03-24 17:07:05,841:DEBUG:__main__: Successfully terminated the path planner subprocess.
2023-03-24 17:07:05,842:DEBUG:__main__: Successfully terminated the behaviour tree subprocess.
2023-03-24 17:07:05,842:INFO:__main__: Simulation terminated successfully: 2 scenarios simulated with 0 collisions.
2023-03-24 17:15:36,406:INFO:__main__: Created new instance of the simulation environment.
2023-03-24 17:15:36,407:INFO:__main__: Created new instance of the traffic manager.
2023-03-24 17:15:36,412:INFO:__main__: Created new instance of the agent vehicle.
2023-03-24 17:15:36,451:INFO:__main__: Simulation started.
2023-03-24 17:16:00,679:DEBUG:__main__: Successfully terminated the spawn vehicles thread.
2023-03-24 17:16:00,680:DEBUG:__main__: Successfully terminated the path planner subprocess.
2023-03-24 17:16:00,680:DEBUG:__main__: Successfully terminated the behaviour tree subprocess.
2023-03-24 17:16:00,681:INFO:__main__: Simulation terminated successfully: 2 scenarios simulated with 1 collisions.
2023-03-24 17:16:15,533:INFO:__main__: Created new instance of the simulation environment.
2023-03-24 17:16:15,534:INFO:__main__: Created new instance of the traffic manager.
2023-03-24 17:16:15,538:INFO:__main__: Created new instance of the agent vehicle.
2023-03-24 17:16:15,573:INFO:__main__: Simulation started.
2023-03-24 17:16:50,703:DEBUG:__main__: Successfully terminated the spawn vehicles thread.
2023-03-24 17:16:50,703:DEBUG:__main__: Successfully terminated the path planner subprocess.
2023-03-24 17:16:50,704:DEBUG:__main__: Successfully terminated the behaviour tree subprocess.
2023-03-24 17:16:50,704:INFO:__main__: Simulation terminated successfully: 2 scenarios simulated with 0 collisions.
2023-03-24 17:35:53,809:INFO:__main__: Created new instance of the simulation environment.
2023-03-24 17:35:53,810:INFO:__main__: Created new instance of the traffic manager.
2023-03-24 17:35:53,813:INFO:__main__: Simulation started.
2023-03-24 17:35:53,816:DEBUG:__main__: Successfully terminated the spawn vehicles thread.
2023-03-24 17:36:22,649:INFO:__main__: Created new instance of the simulation environment.
2023-03-24 17:36:22,650:INFO:__main__: Created new instance of the traffic manager.
2023-03-24 17:36:22,652:INFO:__main__: Simulation started.
2023-03-24 17:36:44,170:DEBUG:__main__: Successfully terminated the spawn vehicles thread.
2023-03-24 17:38:22,265:INFO:__main__: Created new instance of the simulation environment.
2023-03-24 17:38:22,265:INFO:__main__: Created new instance of the traffic manager.
2023-03-24 17:38:22,266:INFO:__main__: Simulation started.
2023-03-24 17:38:36,207:DEBUG:__main__: Successfully terminated the spawn vehicles thread.
2023-03-24 17:38:45,564:INFO:__main__: Created new instance of the simulation environment.
2023-03-24 17:38:45,565:INFO:__main__: Simulation started.
2023-03-24 17:38:58,239:INFO:__main__: Created new instance of the simulation environment.
2023-03-24 17:38:58,244:INFO:__main__: Created new instance of the agent vehicle.
2023-03-24 17:38:58,276:INFO:__main__: Simulation started.
2023-03-24 17:39:30,392:DEBUG:__main__: Successfully terminated the path planner subprocess.
2023-03-24 17:39:30,394:DEBUG:__main__: Successfully terminated the behaviour tree subprocess.
2023-03-24 17:39:30,394:INFO:__main__: Simulation terminated successfully: 2 scenarios simulated with 0 collisions.
2023-03-24 17:44:27,099:INFO:__main__: Created new instance of the simulation environment.
2023-03-24 17:44:27,100:INFO:__main__: Created new instance of the traffic manager.
2023-03-24 17:44:27,105:INFO:__main__: Created new instance of the agent vehicle.
2023-03-24 17:44:27,141:INFO:__main__: Simulation started.
2023-03-24 17:44:56,483:DEBUG:__main__: Successfully terminated the spawn vehicles thread.
2023-03-24 17:44:56,484:DEBUG:__main__: Successfully terminated the path planner subprocess.
2023-03-24 17:44:56,485:DEBUG:__main__: Successfully terminated the behaviour tree subprocess.
2023-03-24 17:44:56,486:INFO:__main__: Simulation terminated successfully: 1 scenarios simulated with 0 collisions.
2023-03-24 18:33:18,346:INFO:__main__: Created new instance of the simulation environment.
2023-03-24 18:33:18,348:INFO:__main__: Simulation started.
2023-03-24 18:34:00,205:INFO:__main__: Created new instance of the simulation environment.
2023-03-24 18:34:00,206:INFO:__main__: Simulation started.
2023-03-24 21:47:11,834:INFO:__main__: Created new instance of the simulation environment.
2023-03-24 21:47:11,835:INFO:__main__: Simulation started.
2023-03-24 21:48:51,549:INFO:__main__: Created new instance of the simulation environment.
2023-03-24 21:48:51,551:INFO:__main__: Created new instance of the traffic manager.
2023-03-24 21:48:51,559:INFO:__main__: Created new instance of the agent vehicle.
2023-03-24 21:48:51,601:INFO:__main__: Simulation started.
2023-03-24 21:49:17,657:DEBUG:__main__: Successfully terminated the spawn vehicles thread.
2023-03-24 21:49:17,657:DEBUG:__main__: Successfully terminated the path planner subprocess.
2023-03-24 21:49:17,658:DEBUG:__main__: Successfully terminated the behaviour tree subprocess.
2023-03-24 21:49:17,658:INFO:__main__: Simulation terminated successfully: 1 scenarios simulated with 0 collisions.
2023-03-24 21:50:29,864:INFO:__main__: Created new instance of the simulation environment.
2023-03-24 21:50:29,865:INFO:__main__: Created new instance of the traffic manager.
2023-03-24 21:50:29,872:INFO:__main__: Created new instance of the agent vehicle.
2023-03-24 21:50:29,907:INFO:__main__: Simulation started.
2023-03-24 21:57:35,496:DEBUG:__main__: Successfully terminated the spawn vehicles thread.
2023-03-24 21:57:35,497:DEBUG:__main__: Successfully terminated the path planner subprocess.
2023-03-24 21:57:35,497:DEBUG:__main__: Successfully terminated the behaviour tree subprocess.
2023-03-24 21:57:35,498:INFO:__main__: Simulation terminated successfully: 27 scenarios simulated with 1 collisions.
2023-03-24 22:12:48,174:INFO:__main__: Created new instance of the simulation environment.
2023-03-24 22:12:48,174:INFO:__main__: Created new instance of the traffic manager.
2023-03-24 22:12:48,179:INFO:__main__: Created new instance of the agent vehicle.
2023-03-24 22:12:48,221:INFO:__main__: Simulation started.
2023-03-24 22:13:38,668:DEBUG:__main__: Successfully terminated the spawn vehicles thread.
2023-03-24 22:13:38,669:DEBUG:__main__: Successfully terminated the path planner subprocess.
2023-03-24 22:13:38,669:DEBUG:__main__: Successfully terminated the behaviour tree subprocess.
2023-03-24 22:13:38,669:INFO:__main__: Simulation terminated successfully: 3 scenarios simulated with 0 collisions.
2023-03-24 22:19:48,029:INFO:__main__: Created new instance of the simulation environment.
2023-03-24 22:19:48,029:INFO:__main__: Created new instance of the traffic manager.
2023-03-24 22:19:48,034:INFO:__main__: Created new instance of the agent vehicle.
2023-03-24 22:19:48,070:INFO:__main__: Simulation started.
2023-03-24 22:27:05,596:DEBUG:__main__: Successfully terminated the spawn vehicles thread.
2023-03-24 22:27:05,597:DEBUG:__main__: Successfully terminated the path planner subprocess.
2023-03-24 22:27:05,597:DEBUG:__main__: Successfully terminated the behaviour tree subprocess.
2023-03-24 22:27:05,597:INFO:__main__: Simulation terminated successfully: 27 scenarios simulated with 0 collisions.
2023-03-24 22:27:12,228:INFO:__main__: Created new instance of the simulation environment.
2023-03-24 22:27:12,228:INFO:__main__: Created new instance of the traffic manager.
2023-03-24 22:27:12,233:INFO:__main__: Created new instance of the agent vehicle.
2023-03-24 22:27:12,269:INFO:__main__: Simulation started.
2023-03-24 22:27:12,270:DEBUG:__main__: Successfully terminated the spawn vehicles thread.
2023-03-24 22:27:12,270:DEBUG:__main__: Successfully terminated the path planner subprocess.
2023-03-24 22:27:12,271:DEBUG:__main__: Successfully terminated the behaviour tree subprocess.
2023-03-24 22:27:12,271:INFO:__main__: Simulation terminated successfully: 0 scenarios simulated with 0 collisions.
2023-03-24 22:28:42,038:INFO:__main__: Created new instance of the simulation environment.
2023-03-24 22:28:42,039:INFO:__main__: Created new instance of the traffic manager.
2023-03-24 22:28:42,048:INFO:__main__: Created new instance of the agent vehicle.
2023-03-24 22:28:42,094:INFO:__main__: Simulation started.
2023-03-24 22:41:18,860:DEBUG:__main__: Successfully terminated the spawn vehicles thread.
2023-03-24 22:41:18,861:DEBUG:__main__: Successfully terminated the path planner subprocess.
2023-03-24 22:41:18,861:DEBUG:__main__: Successfully terminated the behaviour tree subprocess.
2023-03-24 22:41:18,861:INFO:__main__: Simulation terminated successfully: 48 scenarios simulated with 0 collisions.
2023-03-25 10:08:19,062:INFO:__main__: Created new instance of the simulation environment.
2023-03-25 10:08:19,063:INFO:__main__: Created new instance of the traffic manager.
2023-03-25 10:08:19,068:INFO:__main__: Created new instance of the agent vehicle.
2023-03-25 10:08:19,102:INFO:__main__: Simulation started.
2023-03-25 10:09:36,450:DEBUG:__main__: Successfully terminated the spawn vehicles thread.
2023-03-25 10:09:36,451:DEBUG:__main__: Successfully terminated the path planner subprocess.
2023-03-25 10:09:36,451:DEBUG:__main__: Successfully terminated the behaviour tree subprocess.
2023-03-25 10:09:36,451:INFO:__main__: Simulation terminated successfully: 4 scenarios simulated with 0 collisions.
2023-03-25 10:12:31,717:INFO:__main__: Created new instance of the simulation environment.
2023-03-25 10:12:31,718:INFO:__main__: Created new instance of the traffic manager.
2023-03-25 10:12:31,722:INFO:__main__: Created new instance of the agent vehicle.
2023-03-25 10:12:31,752:INFO:__main__: Simulation started.
2023-03-25 10:13:26,802:DEBUG:__main__: Successfully terminated the spawn vehicles thread.
2023-03-25 10:13:26,803:DEBUG:__main__: Successfully terminated the path planner subprocess.
2023-03-25 10:13:26,804:DEBUG:__main__: Successfully terminated the behaviour tree subprocess.
2023-03-25 10:13:26,804:INFO:__main__: Simulation terminated successfully: 3 scenarios simulated with 0 collisions.
2023-03-25 10:17:25,454:INFO:__main__: Created new instance of the simulation environment.
2023-03-25 10:17:25,455:INFO:__main__: Created new instance of the traffic manager.
2023-03-25 10:17:25,459:INFO:__main__: Created new instance of the agent vehicle.
2023-03-25 10:17:25,492:INFO:__main__: Simulation started.
2023-03-25 10:18:10,545:DEBUG:__main__: Successfully terminated the spawn vehicles thread.
2023-03-25 10:18:10,546:DEBUG:__main__: Successfully terminated the path planner subprocess.
2023-03-25 10:18:10,547:DEBUG:__main__: Successfully terminated the behaviour tree subprocess.
2023-03-25 10:18:10,547:INFO:__main__: Simulation terminated successfully: 2 scenarios simulated with 0 collisions.
2023-03-25 10:18:15,363:INFO:__main__: Created new instance of the simulation environment.
2023-03-25 10:18:15,363:INFO:__main__: Created new instance of the traffic manager.
2023-03-25 10:18:15,369:INFO:__main__: Created new instance of the agent vehicle.
2023-03-25 10:18:15,403:INFO:__main__: Simulation started.
2023-03-25 10:23:39,241:DEBUG:__main__: Successfully terminated the spawn vehicles thread.
2023-03-25 10:23:39,242:DEBUG:__main__: Successfully terminated the path planner subprocess.
2023-03-25 10:23:39,242:DEBUG:__main__: Successfully terminated the behaviour tree subprocess.
2023-03-25 10:23:39,242:INFO:__main__: Simulation terminated successfully: 16 scenarios simulated with 0 collisions.
2023-03-25 10:40:07,411:INFO:__main__: Created new instance of the simulation environment.
2023-03-25 10:40:07,412:INFO:__main__: Created new instance of the traffic manager.
2023-03-25 10:40:07,416:INFO:__main__: Created new instance of the agent vehicle.
2023-03-25 10:40:07,446:INFO:__main__: Simulation started.
2023-03-25 10:40:07,447:DEBUG:__main__: Successfully terminated the spawn vehicles thread.
2023-03-25 10:40:07,448:DEBUG:__main__: Successfully terminated the path planner subprocess.
2023-03-25 10:40:07,448:DEBUG:__main__: Successfully terminated the behaviour tree subprocess.
2023-03-25 10:40:07,448:INFO:__main__: Simulation terminated successfully: 0 scenarios simulated with 0 collisions.
2023-03-25 10:40:19,299:INFO:__main__: Created new instance of the simulation environment.
2023-03-25 10:40:19,299:INFO:__main__: Created new instance of the traffic manager.
2023-03-25 10:40:19,304:INFO:__main__: Created new instance of the agent vehicle.
2023-03-25 10:40:19,337:INFO:__main__: Simulation started.
2023-03-25 10:40:19,338:DEBUG:__main__: Successfully terminated the spawn vehicles thread.
2023-03-25 10:40:19,338:DEBUG:__main__: Successfully terminated the path planner subprocess.
2023-03-25 10:40:19,339:DEBUG:__main__: Successfully terminated the behaviour tree subprocess.
2023-03-25 10:40:19,339:INFO:__main__: Simulation terminated successfully: 0 scenarios simulated with 0 collisions.
2023-03-25 10:40:38,608:INFO:__main__: Created new instance of the simulation environment.
2023-03-25 10:40:38,608:INFO:__main__: Created new instance of the traffic manager.
2023-03-25 10:40:38,612:INFO:__main__: Created new instance of the agent vehicle.
2023-03-25 10:40:38,645:INFO:__main__: Simulation started.
2023-03-25 10:40:38,646:DEBUG:__main__: Successfully terminated the spawn vehicles thread.
2023-03-25 10:40:38,647:DEBUG:__main__: Successfully terminated the path planner subprocess.
2023-03-25 10:40:38,647:DEBUG:__main__: Successfully terminated the behaviour tree subprocess.
2023-03-25 10:40:38,648:INFO:__main__: Simulation terminated successfully: 0 scenarios simulated with 0 collisions.
2023-03-25 10:43:48,896:INFO:__main__: Created new instance of the simulation environment.
2023-03-25 10:43:48,896:INFO:__main__: Created new instance of the traffic manager.
2023-03-25 10:43:48,905:INFO:__main__: Created new instance of the agent vehicle.
2023-03-25 10:43:48,946:INFO:__main__: Simulation started.
2023-03-25 10:44:22,579:DEBUG:__main__: Successfully terminated the spawn vehicles thread.
2023-03-25 10:44:22,580:DEBUG:__main__: Successfully terminated the path planner subprocess.
2023-03-25 10:44:22,581:DEBUG:__main__: Successfully terminated the behaviour tree subprocess.
2023-03-25 10:44:22,581:INFO:__main__: Simulation terminated successfully: 1 scenarios simulated with 0 collisions.
2023-03-25 10:45:12,713:INFO:__main__: Created new instance of the simulation environment.
2023-03-25 10:45:12,713:INFO:__main__: Created new instance of the traffic manager.
2023-03-25 10:45:12,717:INFO:__main__: Created new instance of the agent vehicle.
2023-03-25 10:45:12,750:INFO:__main__: Simulation started.
2023-03-25 10:45:13,737:DEBUG:__main__: Successfully terminated the spawn vehicles thread.
2023-03-25 10:45:13,738:DEBUG:__main__: Successfully terminated the path planner subprocess.
2023-03-25 10:45:13,739:DEBUG:__main__: Successfully terminated the behaviour tree subprocess.
2023-03-25 10:45:13,739:INFO:__main__: Simulation terminated successfully: 0 scenarios simulated with 0 collisions.
2023-03-25 10:46:11,929:INFO:__main__: Created new instance of the simulation environment.
2023-03-25 10:46:11,930:INFO:__main__: Created new instance of the traffic manager.
2023-03-25 10:46:11,934:INFO:__main__: Created new instance of the agent vehicle.
2023-03-25 10:46:11,968:INFO:__main__: Simulation started.
2023-03-25 10:49:10,918:DEBUG:__main__: Successfully terminated the spawn vehicles thread.
2023-03-25 10:49:10,918:DEBUG:__main__: Successfully terminated the path planner subprocess.
2023-03-25 10:49:10,919:DEBUG:__main__: Successfully terminated the behaviour tree subprocess.
2023-03-25 10:49:10,919:INFO:__main__: Simulation terminated successfully: 11 scenarios simulated with 0 collisions.
2023-03-25 10:49:15,723:INFO:__main__: Created new instance of the simulation environment.
2023-03-25 10:49:15,724:INFO:__main__: Created new instance of the traffic manager.
2023-03-25 10:49:15,729:INFO:__main__: Created new instance of the agent vehicle.
2023-03-25 10:49:15,762:INFO:__main__: Simulation started.
2023-03-25 10:50:20,791:DEBUG:__main__: Successfully terminated the spawn vehicles thread.
2023-03-25 10:50:20,792:DEBUG:__main__: Successfully terminated the path planner subprocess.
2023-03-25 10:50:20,792:DEBUG:__main__: Successfully terminated the behaviour tree subprocess.
2023-03-25 10:50:20,793:INFO:__main__: Simulation terminated successfully: 3 scenarios simulated with 0 collisions.
2023-03-25 10:55:04,064:INFO:__main__: Created new instance of the simulation environment.
2023-03-25 10:55:04,065:INFO:__main__: Created new instance of the traffic manager.
2023-03-25 10:55:04,073:INFO:__main__: Created new instance of the agent vehicle.
2023-03-25 10:55:04,108:INFO:__main__: Simulation started.
2023-03-25 14:31:59,966:DEBUG:__main__: Successfully terminated the spawn vehicles thread.
2023-03-25 14:31:59,967:DEBUG:__main__: Successfully terminated the path planner subprocess.
2023-03-25 14:31:59,968:DEBUG:__main__: Successfully terminated the behaviour tree subprocess.
2023-03-25 14:31:59,968:INFO:__main__: Simulation terminated successfully: 829 scenarios simulated with 0 collisions.
2023-03-25 14:35:52,485:INFO:__main__: Created new instance of the simulation environment.
2023-03-25 14:35:52,487:INFO:__main__: Created new instance of the traffic manager.
2023-03-25 14:35:52,491:INFO:__main__: Created new instance of the agent vehicle.
2023-03-25 14:35:52,528:INFO:__main__: Simulation started.
2023-03-25 14:36:44,170:DEBUG:__main__: Successfully terminated the spawn vehicles thread.
2023-03-25 14:36:44,171:DEBUG:__main__: Successfully terminated the path planner subprocess.
2023-03-25 14:36:44,172:DEBUG:__main__: Successfully terminated the behaviour tree subprocess.
2023-03-25 14:36:44,172:INFO:__main__: Simulation terminated successfully: 3 scenarios simulated with 0 collisions.
