2023-03-19 21:47:35,430:DEBUG:behaviour_executive.highway_drive: [o] Selector
    [-] Sequence
        --> Clear Road
        [o] Selector
            -^- Inverter
                --> Vehicle Approaching
            -^- Inverter
                --> Right Lane Free
            --> Lane Change Right
        --> Free Ride
    [o] Selector
        [-] Sequence
            --> Slow Vehicle
            --> Left Lane Free
            --> Lane Change Left
        --> Follow

2023-03-19 21:48:40,186:DEBUG:behaviour_executive.highway_drive: [o] Selector
    [-] Sequence
        --> Clear Road
        [o] Selector
            -^- Inverter
                --> Vehicle Approaching
            -^- Inverter
                --> Right Lane Free
            --> Lane Change Right
        --> Free Ride
    [o] Selector
        [-] Sequence
            --> Slow Vehicle
            --> Left Lane Free
            --> Lane Change Left
        --> Follow

2023-03-19 21:50:30,345:DEBUG:behaviour_executive.highway_drive: [o] Selector
    [-] Sequence
        --> Clear Road
        [o] Selector
            -^- Inverter
                --> Vehicle Approaching
            -^- Inverter
                --> Right Lane Free
            --> Lane Change Right
        --> Free Ride
    [o] Selector
        [-] Sequence
            --> Slow Vehicle
            --> Left Lane Free
            --> Lane Change Left
        --> Follow

2023-03-19 21:52:09,801:DEBUG:behaviour_executive.highway_drive: [o] Selector
    [-] Sequence
        --> Clear Road
        [o] Selector
            -^- Inverter
                --> Vehicle Approaching
            -^- Inverter
                --> Right Lane Free
            --> Lane Change Right
        --> Free Ride
    [o] Selector
        [-] Sequence
            --> Slow Vehicle
            --> Left Lane Free
            --> Lane Change Left
        --> Follow

2023-03-19 21:52:58,857:DEBUG:behaviour_executive.highway_drive: [o] Selector
    [-] Sequence
        --> Clear Road
        [o] Selector
            -^- Inverter
                --> Vehicle Approaching
            -^- Inverter
                --> Right Lane Free
            --> Lane Change Right
        --> Free Ride
    [o] Selector
        [-] Sequence
            --> Slow Vehicle
            --> Left Lane Free
            --> Lane Change Left
        --> Follow

2023-03-19 21:53:13,816:DEBUG:behaviour_executive.highway_drive: [o] Selector
    [-] Sequence
        --> Clear Road
        [o] Selector
            -^- Inverter
                --> Vehicle Approaching
            -^- Inverter
                --> Right Lane Free
            --> Lane Change Right
        --> Free Ride
    [o] Selector
        [-] Sequence
            --> Slow Vehicle
            --> Left Lane Free
            --> Lane Change Left
        --> Follow

2023-03-19 22:17:02,476:DEBUG:behaviour_executive.highway_drive: [o] Selector
    [-] Sequence
        --> Clear Road
        [o] Selector
            -^- Inverter
                --> Vehicle Approaching
            -^- Inverter
                --> Right Lane Free
            --> Lane Change Right
        --> Free Ride
    [o] Selector
        [-] Sequence
            --> Slow Vehicle
            --> Left Lane Free
            --> Lane Change Left
        --> Follow

2023-03-19 22:48:21,505:DEBUG:behaviour_executive.highway_drive: [o] Selector
    [-] Sequence
        --> Clear Road
        [o] Selector
            -^- Inverter
                --> Vehicle Approaching
            -^- Inverter
                --> Right Lane Free
            --> Lane Change Right
        --> Free Ride
    [o] Selector
        [-] Sequence
            --> Slow Vehicle
            --> Left Lane Free
            --> Lane Change Left
        --> Follow

